IP Upgrade report for telecran
Fri Dec 12 11:43:37 2025
Quartus Prime Version 24.1std.0 Build 1077 03/04/2025 SC Lite Edition


---------------------
; Table of Contents ;
---------------------
  1. Legal Notice
  2. IP Upgrade Summary
  3. Successfully Upgraded IP Components
  4. Failed Upgrade IP Components
  5. IP Upgrade Messages



----------------
; Legal Notice ;
----------------
Copyright (C) 2025  Altera Corporation. All rights reserved.
Your use of Altera Corporation's design tools, logic functions 
and other software and tools, and any partner logic 
functions, and any output files from any of the foregoing 
(including device programming or simulation files), and any 
associated documentation or information are expressly subject 
to the terms and conditions of the Altera Program License 
Subscription Agreement, the Altera Quartus Prime License Agreement,
the Altera IP License Agreement, or other applicable license
agreement, including, without limitation, that your use is for
the sole purpose of programming logic devices manufactured by
Altera and sold by Altera or its authorized distributors.  Please
refer to the Altera Software License Subscription Agreements 
on the Quartus Prime software download page.



+--------------------------------------------------------------------------------+
; IP Upgrade Summary                                                             ;
+------------------------------+-------------------------------------------------+
; IP Components Upgrade Status ; Failed - Fri Dec 12 11:43:37 2025               ;
; Quartus Prime Version        ; 24.1std.0 Build 1077 03/04/2025 SC Lite Edition ;
; Revision Name                ; telecran                                        ;
; Top-level Entity Name        ; telecran                                        ;
; Family                       ; Cyclone V                                       ;
+------------------------------+-------------------------------------------------+


+------------------------------------------------------------------------------------------------------------------+
; Successfully Upgraded IP Components                                                                              ;
+-------------+----------------+---------+----------------------+----------------------+-----------------+---------+
; Entity Name ; Component Name ; Version ; Original Source File ; Generation File Path ; New Source File ; Message ;
+-------------+----------------+---------+----------------------+----------------------+-----------------+---------+
; sys_pll     ; altera_pll     ; 22.1    ; pll/sys_pll.qip      ; pll/sys_pll.v        ; pll/sys_pll.qip ;         ;
; pll         ; altera_pll     ; 22.1    ; pll/pll.qip          ; pll/pll.v            ; pll/pll.qip     ;         ;
+-------------+----------------+---------+----------------------+----------------------+-----------------+---------+


+-------------------------------------------------------------------------------------------------------------------------------------------------------------------+
; Failed Upgrade IP Components                                                                                                                                      ;
+--------------+---------------------+---------+----------------------+----------------------+-----------------+----------------------------------------------------+
; Entity Name  ; Component Name      ; Version ; Original Source File ; Generation File Path ; New Source File ; Message                                            ;
+--------------+---------------------+---------+----------------------+----------------------+-----------------+----------------------------------------------------+
; pll_reconfig ; altera_pll_reconfig ; 22.1    ; pll/pll_reconfig.qip ; pll/pll_reconfig.v   ;                 ; Error upgrading IP component "pll/pll_reconfig.v". ;
+--------------+---------------------+---------+----------------------+----------------------+-----------------+----------------------------------------------------+


+---------------------+
; IP Upgrade Messages ;
+---------------------+
Info (11902): Backing up file "pll/sys_pll.v" to "pll/sys_pll.BAK.v"
Info (11837): Started upgrading IP component altera_pll with file "pll/sys_pll.v"
Info (11902): Backing up file "pll/pll_reconfig.v" to "pll/pll_reconfig.BAK.v"
Info (11837): Started upgrading IP component altera_pll_reconfig with file "pll/pll_reconfig.v"
Info (11904): Restoring file "pll/pll_reconfig.BAK.v" to "pll/pll_reconfig.v"
Error (14921): Error upgrading IP component "pll/pll_reconfig.v".
Info (11902): Backing up file "pll/pll.v" to "pll/pll.BAK.v"
Info (11837): Started upgrading IP component altera_pll with file "pll/pll.v"
Info (11131): Completed upgrading IP component altera_pll with file "pll/sys_pll.v"
Error (11133): IP component altera_pll_reconfig with file "pll/pll_reconfig.v" upgrade failed
Error (11889): IP component upgrade failed
Info (11131): Completed upgrading IP component altera_pll with file "pll/pll.v"
Error (23031): Evaluation of Tcl script c:/intelfpga_lite/24.1std/quartus/common/tcl/internal/ip_regen/ip_regen.tcl unsuccessful
Error: Quartus Prime Shell was unsuccessful. 4 errors, 0 warnings
    Error: Peak virtual memory: 4852 megabytes
    Error: Processing ended: Fri Dec 12 11:43:37 2025
    Error: Elapsed time: 00:02:26
    Error: Total CPU time (on all processors): 00:00:33


